# JRE version: OpenJDK Runtime Environment Temurin-21.0.9+10 (21.0.9+10) (build 21.0.9+10-LTS)
# Java VM: OpenJDK 64-Bit Server VM Temurin-21.0.9+10 (21.0.9+10-LTS, mixed mode, sharing, tiered, compressed oops, compressed class ptrs, parallel gc, windows-amd64)
GC Precious Log:
 CardTable entry size: 512
 CPUs: 8 total, 8 available
 Memory: 16129M
 Large Page Support: Disabled
 NUMA Support: Disabled
 Compressed Oops: Enabled (32-bit)
 Alignments: Space 512K, Generation 512K, Heap 2M
 Heap Min Capacity: 100M
 Heap Initial Capacity: 100M
 Heap Max Capacity: 2G
 Pre-touch: Disabled
 Parallel Workers: 8
Heap:
 PSYoungGen      total 3072K, used 2944K [0x00000000d5580000, 0x00000000d5a80000, 0x0000000100000000)
  eden space 2560K, 100% used [0x00000000d5580000,0x00000000d5800000,0x00000000d5800000)
  from space 512K, 75% used [0x00000000d5980000,0x00000000d59e0020,0x00000000d5a00000)
  to   space 512K, 0% used [0x00000000d5a00000,0x00000000d5a00000,0x00000000d5a80000)
 ParOldGen       total 982528K, used 982460K [0x0000000080000000, 0x00000000bbf80000, 0x00000000d5580000)
  object space 982528K, 99% used [0x0000000080000000,0x00000000bbf6f230,0x00000000bbf80000)
 Metaspace       used 95916K, committed 97984K, reserved 1179648K
  class space    used 9486K, committed 10432K, reserved 1048576K
GC Heap History (20 events):
Event: 2090.153 GC heap after
{Heap after GC invocations=6765 (full 14):
 PSYoungGen      total 4096K, used 503K [0x00000000d5580000, 0x00000000d5d80000, 0x0000000100000000)
  eden space 3584K, 0% used [0x00000000d5580000,0x00000000d5580000,0x00000000d5900000)
  from space 512K, 98% used [0x00000000d5d00000,0x00000000d5d7de00,0x00000000d5d80000)
  to   space 1024K, 0% used [0x00000000d5b80000,0x00000000d5b80000,0x00000000d5c80000)
 ParOldGen       total 972288K, used 972275K [0x0000000080000000, 0x00000000bb580000, 0x00000000d5580000)
  object space 972288K, 99% used [0x0000000080000000,0x00000000bb57cca8,0x00000000bb580000)
 Metaspace       used 95908K, committed 97920K, reserved 1179648K
  class space    used 9486K, committed 10432K, reserved 1048576K
}
Event: 2090.178 GC heap before
{Heap before GC invocations=6766 (full 14):
 PSYoungGen      total 4096K, used 3901K [0x00000000d5580000, 0x00000000d5d80000, 0x0000000100000000)
  eden space 3584K, 94% used [0x00000000d5580000,0x00000000d58d1788,0x00000000d5900000)
  from space 512K, 98% used [0x00000000d5d00000,0x00000000d5d7de00,0x00000000d5d80000)
  to   space 1024K, 0% used [0x00000000d5b80000,0x00000000d5b80000,0x00000000d5c80000)
 ParOldGen       total 972288K, used 972275K [0x0000000080000000, 0x00000000bb580000, 0x00000000d5580000)
  object space 972288K, 99% used [0x0000000080000000,0x00000000bb57cca8,0x00000000bb580000)
 Metaspace       used 95908K, committed 97920K, reserved 1179648K
  class space    used 9486K, committed 10432K, reserved 1048576K
}
Event: 2090.180 GC heap after
{Heap after GC invocations=6766 (full 14):
 PSYoungGen      total 4608K, used 955K [0x00000000d5580000, 0x00000000d5d80000, 0x0000000100000000)
  eden space 3584K, 0% used [0x00000000d5580000,0x00000000d5580000,0x00000000d5900000)
  from space 1024K, 93% used [0x00000000d5b80000,0x00000000d5c6ec88,0x00000000d5c80000)
  to   space 1024K, 0% used [0x00000000d5c80000,0x00000000d5c80000,0x00000000d5d80000)
 ParOldGen       total 972800K, used 972790K [0x0000000080000000, 0x00000000bb600000, 0x00000000d5580000)
  object space 972800K, 99% used [0x0000000080000000,0x00000000bb5fd9b8,0x00000000bb600000)
 Metaspace       used 95908K, committed 97920K, reserved 1179648K
  class space    used 9486K, committed 10432K, reserved 1048576K
}
Event: 2090.196 GC heap before
{Heap before GC invocations=6767 (full 14):
 PSYoungGen      total 4608K, used 4419K [0x00000000d5580000, 0x00000000d5d80000, 0x0000000100000000)
  eden space 3584K, 96% used [0x00000000d5580000,0x00000000d58e20e8,0x00000000d5900000)
  from space 1024K, 93% used [0x00000000d5b80000,0x00000000d5c6ec88,0x00000000d5c80000)
  to   space 1024K, 0% used [0x00000000d5c80000,0x00000000d5c80000,0x00000000d5d80000)
 ParOldGen       total 972800K, used 972790K [0x0000000080000000, 0x00000000bb600000, 0x00000000d5580000)
  object space 972800K, 99% used [0x0000000080000000,0x00000000bb5fd9b8,0x00000000bb600000)
 Metaspace       used 95908K, committed 97920K, reserved 1179648K
  class space    used 9486K, committed 10432K, reserved 1048576K
}
Event: 2090.198 GC heap after
{Heap after GC invocations=6767 (full 14):
 PSYoungGen      total 3584K, used 1020K [0x00000000d5580000, 0x00000000d6200000, 0x0000000100000000)
  eden space 2560K, 0% used [0x00000000d5580000,0x00000000d5580000,0x00000000d5800000)
  from space 1024K, 99% used [0x00000000d5c80000,0x00000000d5d7f040,0x00000000d5d80000)
  to   space 4608K, 0% used [0x00000000d5800000,0x00000000d5800000,0x00000000d5c80000)
 ParOldGen       total 975872K, used 975490K [0x0000000080000000, 0x00000000bb900000, 0x00000000d5580000)
  object space 975872K, 99% used [0x0000000080000000,0x00000000bb8a0878,0x00000000bb900000)
 Metaspace       used 95908K, committed 97920K, reserved 1179648K
  class space    used 9486K, committed 10432K, reserved 1048576K
}
Event: 2090.210 GC heap before
{Heap before GC invocations=6768 (full 14):
 PSYoungGen      total 3584K, used 2853K [0x00000000d5580000, 0x00000000d6200000, 0x0000000100000000)
  eden space 2560K, 71% used [0x00000000d5580000,0x00000000d574a510,0x00000000d5800000)
  from space 1024K, 99% used [0x00000000d5c80000,0x00000000d5d7f040,0x00000000d5d80000)
  to   space 4608K, 0% used [0x00000000d5800000,0x00000000d5800000,0x00000000d5c80000)
 ParOldGen       total 975872K, used 975490K [0x0000000080000000, 0x00000000bb900000, 0x00000000d5580000)
  object space 975872K, 99% used [0x0000000080000000,0x00000000bb8a0878,0x00000000bb900000)
 Metaspace       used 95908K, committed 97920K, reserved 1179648K
  class space    used 9486K, committed 10432K, reserved 1048576K
}
Event: 2090.213 GC heap after
{Heap after GC invocations=6768 (full 14):
 PSYoungGen      total 4096K, used 1482K [0x00000000d5580000, 0x00000000d5d00000, 0x0000000100000000)
  eden space 2560K, 0% used [0x00000000d5580000,0x00000000d5580000,0x00000000d5800000)
  from space 1536K, 96% used [0x00000000d5800000,0x00000000d5972980,0x00000000d5980000)
  to   space 2560K, 0% used [0x00000000d5a80000,0x00000000d5a80000,0x00000000d5d00000)
 ParOldGen       total 976896K, used 976503K [0x0000000080000000, 0x00000000bba00000, 0x00000000d5580000)
  object space 976896K, 99% used [0x0000000080000000,0x00000000bb99de10,0x00000000bba00000)
 Metaspace       used 95908K, committed 97920K, reserved 1179648K
  class space    used 9486K, committed 10432K, reserved 1048576K
}
Event: 2090.223 GC heap before
{Heap before GC invocations=6769 (full 14):
 PSYoungGen      total 4096K, used 4042K [0x00000000d5580000, 0x00000000d5d00000, 0x0000000100000000)
  eden space 2560K, 100% used [0x00000000d5580000,0x00000000d5800000,0x00000000d5800000)
  from space 1536K, 96% used [0x00000000d5800000,0x00000000d5972980,0x00000000d5980000)
  to   space 2560K, 0% used [0x00000000d5a80000,0x00000000d5a80000,0x00000000d5d00000)
 ParOldGen       total 976896K, used 976503K [0x0000000080000000, 0x00000000bba00000, 0x00000000d5580000)
  object space 976896K, 99% used [0x0000000080000000,0x00000000bb99de10,0x00000000bba00000)
 Metaspace       used 95908K, committed 97920K, reserved 1179648K
  class space    used 9486K, committed 10432K, reserved 1048576K
}
Event: 2090.226 GC heap after
{Heap after GC invocations=6769 (full 14):
 PSYoungGen      total 5120K, used 2275K [0x00000000d5580000, 0x00000000d5d00000, 0x0000000100000000)
  eden space 2560K, 0% used [0x00000000d5580000,0x00000000d5580000,0x00000000d5800000)
  from space 2560K, 88% used [0x00000000d5a80000,0x00000000d5cb8d30,0x00000000d5d00000)
  to   space 2560K, 0% used [0x00000000d5800000,0x00000000d5800000,0x00000000d5a80000)
 ParOldGen       total 977920K, used 977861K [0x0000000080000000, 0x00000000bbb00000, 0x00000000d5580000)
  object space 977920K, 99% used [0x0000000080000000,0x00000000bbaf1538,0x00000000bbb00000)
 Metaspace       used 95908K, committed 97920K, reserved 1179648K
  class space    used 9486K, committed 10432K, reserved 1048576K
}
Event: 2090.246 GC heap before
{Heap before GC invocations=6770 (full 14):
 PSYoungGen      total 5120K, used 4835K [0x00000000d5580000, 0x00000000d5d00000, 0x0000000100000000)
  eden space 2560K, 100% used [0x00000000d5580000,0x00000000d5800000,0x00000000d5800000)
  from space 2560K, 88% used [0x00000000d5a80000,0x00000000d5cb8d30,0x00000000d5d00000)
  to   space 2560K, 0% used [0x00000000d5800000,0x00000000d5800000,0x00000000d5a80000)
 ParOldGen       total 977920K, used 977861K [0x0000000080000000, 0x00000000bbb00000, 0x00000000d5580000)
  object space 977920K, 99% used [0x0000000080000000,0x00000000bbaf1538,0x00000000bbb00000)
 Metaspace       used 95908K, committed 97920K, reserved 1179648K
  class space    used 9486K, committed 10432K, reserved 1048576K
}
Event: 2090.249 GC heap after
{Heap after GC invocations=6770 (full 14):
 PSYoungGen      total 5120K, used 1938K [0x00000000d5580000, 0x00000000d5d00000, 0x0000000100000000)
  eden space 2560K, 0% used [0x00000000d5580000,0x00000000d5580000,0x00000000d5800000)
  from space 2560K, 75% used [0x00000000d5800000,0x00000000d59e4aa0,0x00000000d5a80000)
  to   space 2560K, 0% used [0x00000000d5a80000,0x00000000d5a80000,0x00000000d5d00000)
 ParOldGen       total 980480K, used 980086K [0x0000000080000000, 0x00000000bbd80000, 0x00000000d5580000)
  object space 980480K, 99% used [0x0000000080000000,0x00000000bbd1d9c0,0x00000000bbd80000)
 Metaspace       used 95908K, committed 97920K, reserved 1179648K
  class space    used 9486K, committed 10432K, reserved 1048576K
}
Event: 2090.264 GC heap before
{Heap before GC invocations=6771 (full 14):
 PSYoungGen      total 5120K, used 4498K [0x00000000d5580000, 0x00000000d5d00000, 0x0000000100000000)
  eden space 2560K, 100% used [0x00000000d5580000,0x00000000d5800000,0x00000000d5800000)
  from space 2560K, 75% used [0x00000000d5800000,0x00000000d59e4aa0,0x00000000d5a80000)
  to   space 2560K, 0% used [0x00000000d5a80000,0x00000000d5a80000,0x00000000d5d00000)
 ParOldGen       total 980480K, used 980086K [0x0000000080000000, 0x00000000bbd80000, 0x00000000d5580000)
  object space 980480K, 99% used [0x0000000080000000,0x00000000bbd1d9c0,0x00000000bbd80000)
 Metaspace       used 95908K, committed 97920K, reserved 1179648K
  class space    used 9486K, committed 10432K, reserved 1048576K
}
Event: 2090.267 GC heap after
{Heap after GC invocations=6771 (full 14):
 PSYoungGen      total 3584K, used 544K [0x00000000d5580000, 0x00000000d5b80000, 0x0000000100000000)
  eden space 2560K, 0% used [0x00000000d5580000,0x00000000d5580000,0x00000000d5800000)
  from space 1024K, 53% used [0x00000000d5a80000,0x00000000d5b08000,0x00000000d5b80000)
  to   space 1536K, 0% used [0x00000000d5880000,0x00000000d5880000,0x00000000d5a00000)
 ParOldGen       total 982016K, used 981868K [0x0000000080000000, 0x00000000bbf00000, 0x00000000d5580000)
  object space 982016K, 99% used [0x0000000080000000,0x00000000bbedb210,0x00000000bbf00000)
 Metaspace       used 95908K, committed 97920K, reserved 1179648K
  class space    used 9486K, committed 10432K, reserved 1048576K
}
Event: 2090.283 GC heap before
{Heap before GC invocations=6772 (full 14):
 PSYoungGen      total 3584K, used 3104K [0x00000000d5580000, 0x00000000d5b80000, 0x0000000100000000)
  eden space 2560K, 100% used [0x00000000d5580000,0x00000000d5800000,0x00000000d5800000)
  from space 1024K, 53% used [0x00000000d5a80000,0x00000000d5b08000,0x00000000d5b80000)
  to   space 1536K, 0% used [0x00000000d5880000,0x00000000d5880000,0x00000000d5a00000)
 ParOldGen       total 982016K, used 981868K [0x0000000080000000, 0x00000000bbf00000, 0x00000000d5580000)
  object space 982016K, 99% used [0x0000000080000000,0x00000000bbedb210,0x00000000bbf00000)
 Metaspace       used 95910K, committed 97920K, reserved 1179648K
  class space    used 9486K, committed 10432K, reserved 1048576K
}
Event: 2090.286 GC heap after
{Heap after GC invocations=6772 (full 14):
 PSYoungGen      total 4096K, used 532K [0x00000000d5580000, 0x00000000d5b00000, 0x0000000100000000)
  eden space 2560K, 0% used [0x00000000d5580000,0x00000000d5580000,0x00000000d5800000)
  from space 1536K, 34% used [0x00000000d5880000,0x00000000d5905200,0x00000000d5a00000)
  to   space 1024K, 0% used [0x00000000d5a00000,0x00000000d5a00000,0x00000000d5b00000)
 ParOldGen       total 982528K, used 982324K [0x0000000080000000, 0x00000000bbf80000, 0x00000000d5580000)
  object space 982528K, 99% used [0x0000000080000000,0x00000000bbf4d230,0x00000000bbf80000)
 Metaspace       used 95910K, committed 97920K, reserved 1179648K
  class space    used 9486K, committed 10432K, reserved 1048576K
}
Event: 2326.791 GC heap before
{Heap before GC invocations=6773 (full 14):
 PSYoungGen      total 4096K, used 3092K [0x00000000d5580000, 0x00000000d5b00000, 0x0000000100000000)
  eden space 2560K, 100% used [0x00000000d5580000,0x00000000d5800000,0x00000000d5800000)
  from space 1536K, 34% used [0x00000000d5880000,0x00000000d5905200,0x00000000d5a00000)
  to   space 1024K, 0% used [0x00000000d5a00000,0x00000000d5a00000,0x00000000d5b00000)
 ParOldGen       total 982528K, used 982324K [0x0000000080000000, 0x00000000bbf80000, 0x00000000d5580000)
  object space 982528K, 99% used [0x0000000080000000,0x00000000bbf4d230,0x00000000bbf80000)
 Metaspace       used 95910K, committed 97920K, reserved 1179648K
  class space    used 9486K, committed 10432K, reserved 1048576K
}
Event: 2326.803 GC heap after
{Heap after GC invocations=6773 (full 14):
 PSYoungGen      total 3072K, used 96K [0x00000000d5580000, 0x00000000d5a80000, 0x0000000100000000)
  eden space 2560K, 0% used [0x00000000d5580000,0x00000000d5580000,0x00000000d5800000)
  from space 512K, 18% used [0x00000000d5a00000,0x00000000d5a18000,0x00000000d5a80000)
  to   space 512K, 0% used [0x00000000d5980000,0x00000000d5980000,0x00000000d5a00000)
 ParOldGen       total 982528K, used 982444K [0x0000000080000000, 0x00000000bbf80000, 0x00000000d5580000)
  object space 982528K, 99% used [0x0000000080000000,0x00000000bbf6b230,0x00000000bbf80000)
 Metaspace       used 95910K, committed 97920K, reserved 1179648K
  class space    used 9486K, committed 10432K, reserved 1048576K
}
Event: 4718.535 GC heap before
{Heap before GC invocations=6774 (full 14):
 PSYoungGen      total 3072K, used 2656K [0x00000000d5580000, 0x00000000d5a80000, 0x0000000100000000)
  eden space 2560K, 100% used [0x00000000d5580000,0x00000000d5800000,0x00000000d5800000)
  from space 512K, 18% used [0x00000000d5a00000,0x00000000d5a18000,0x00000000d5a80000)
  to   space 512K, 0% used [0x00000000d5980000,0x00000000d5980000,0x00000000d5a00000)
 ParOldGen       total 982528K, used 982444K [0x0000000080000000, 0x00000000bbf80000, 0x00000000d5580000)
  object space 982528K, 99% used [0x0000000080000000,0x00000000bbf6b230,0x00000000bbf80000)
 Metaspace       used 95914K, committed 97984K, reserved 1179648K
  class space    used 9486K, committed 10432K, reserved 1048576K
}
Event: 4718.797 GC heap after
{Heap after GC invocations=6774 (full 14):
 PSYoungGen      total 3072K, used 384K [0x00000000d5580000, 0x00000000d5a80000, 0x0000000100000000)
  eden space 2560K, 0% used [0x00000000d5580000,0x00000000d5580000,0x00000000d5800000)
  from space 512K, 75% used [0x00000000d5980000,0x00000000d59e0020,0x00000000d5a00000)
  to   space 512K, 0% used [0x00000000d5a00000,0x00000000d5a00000,0x00000000d5a80000)
 ParOldGen       total 982528K, used 982460K [0x0000000080000000, 0x00000000bbf80000, 0x00000000d5580000)
  object space 982528K, 99% used [0x0000000080000000,0x00000000bbf6f230,0x00000000bbf80000)
 Metaspace       used 95914K, committed 97984K, reserved 1179648K
  class space    used 9486K, committed 10432K, reserved 1048576K
}
Event: 10464.744 GC heap before
{Heap before GC invocations=6775 (full 14):
 PSYoungGen      total 3072K, used 2944K [0x00000000d5580000, 0x00000000d5a80000, 0x0000000100000000)
  eden space 2560K, 100% used [0x00000000d5580000,0x00000000d5800000,0x00000000d5800000)
  from space 512K, 75% used [0x00000000d5980000,0x00000000d59e0020,0x00000000d5a00000)
  to   space 512K, 0% used [0x00000000d5a00000,0x00000000d5a00000,0x00000000d5a80000)
 ParOldGen       total 982528K, used 982460K [0x0000000080000000, 0x00000000bbf80000, 0x00000000d5580000)
  object space 982528K, 99% used [0x0000000080000000,0x00000000bbf6f230,0x00000000bbf80000)
 Metaspace       used 95916K, committed 97984K, reserved 1179648K
  class space    used 9486K, committed 10432K, reserved 1048576K
}

